
url: http://www.kurtki54.ru/catalog/item/zimnee-palto-na-verbljuzhej-shersti-kel1901.html
color: ['темно-фиолетовый']
colorid: ['color52']
col: {'color52': 'темно-фиолетовый'}
disabled: []
['52', '54', '56', '58', '60', '62', '64']
['size10551color52', 'size10552color52', 'size10553color52', 'size10554color52', 'size10555color52', 'size10556color52', 'size10557color52']
[('size10551color52', '52'), ('size10552color52', '54'), ('size10553color52', '56'), ('size10554color52', '58'), ('size10555color52', '60'), ('size10556color52', '62'), ('size10557color52', '64')]
size10551color52 52
size10552color52 54
size10553color52 56
size10554color52 58
size10555color52 60
size10556color52 62
size10557color52 64
['темно-фиолетовый,52', 'темно-фиолетовый,54', 'темно-фиолетовый,56', 'темно-фиолетовый,58', 'темно-фиолетовый,60', 'темно-фиолетовый,62', 'темно-фиолетовый,64']
Зимнее пальто на верблюжьей шерсти KEL-1901
descrArr: ['\r\n\t\t\t\tАртикул: KEL-1901 ', '\t\t\t\tМатериал: 100% полиэстер ', '\t\t\t\tПодкладка: 100% полиэстер ', '\t\t\t\tУтеплитель: верблюжья шерсть ', '\t\t\t\t\t\t\t\tКапюшон: есть, не отстегивается ', '\t\t\t\tМех: чернобурка ', '\t\t\t', 'Элегантное пальто, выполненное из мягкого приятного материала с пропиткой от воды и ветра. Слегка приталенный фасон, асимметричная застежка на молнию (воротник можно отложить, также застегнуть плотно от непогоды). Утеплитель выполнен\xa0на основе верблюжьей шерсти (20%\xa080% синт. утеплитель). Капюшон украшен широким воротником из натурального меха чернобурки. В\xa0рукавах трикотажные манжеты.\xa0У пальто имеется две параллельные молнии, что позволяет регулировать при необходимости размер и силуэт изделия (при застегивании на ближнюю молнию +4см к замерам ОГИ ОТИ ОБИ - на размер больше) - таким образом, если нужно будет пододеть доп. кофту - можно перестегнуть на вторую молнию и размер увеличится.\xa0\xa0Подходит на зимний сезон (до-25.. -30).\xa0\xa0', 'Для застегивания на дальнюю молнию (как главное фото) рекомендуем брать на размер больше (на 50 размер брать 52 и далее по сетке).\xa0', '\xa0']
art: KEL-1901
sostav: Материал: 100% полиэстер Подкладка: 100% полиэстер 
descr: Утеплитель: верблюжья шерсть Капюшон: есть, не отстегивается Мех: чернобурка  Элегантное пальто, выполненное из мягкого приятного материала с пропиткой от воды и ветра. Слегка приталенный фасон, асимметричная застежка на молнию (воротник можно отложить, также застегнуть плотно от непогоды). Утеплитель выполнен на основе верблюжьей шерсти (20% 80% синт. утеплитель). Капюшон украшен широким воротником из натурального меха чернобурки. В рукавах трикотажные манжеты. У пальто имеется две параллельные молнии, что позволяет регулировать при необходимости размер и силуэт изделия (при застегивании на ближнюю молнию +4см к замерам ОГИ ОТИ ОБИ - на размер больше) - таким образом, если нужно будет пододеть доп. кофту - можно перестегнуть на вторую молнию и размер увеличится.  Подходит на зимний сезон (до-25.. -30). Для застегивания на дальнюю молнию (как главное фото) рекомендуем брать на размер больше (на 50 размер брать 52 и далее по сетке).  
14000

url: http://www.kurtki54.ru/catalog/item/zimnee-palto-nia22611.html
color: ['темно-серый']
colorid: ['color50']
col: {'color50': 'темно-серый'}
disabled: []
['48', '50', '52', '54', '56', '58']
['size10329color50', 'size10330color50', 'size10331color50', 'size10332color50', 'size10333color50', 'size10334color50']
[('size10329color50', '48'), ('size10330color50', '50'), ('size10331color50', '52'), ('size10332color50', '54'), ('size10333color50', '56'), ('size10334color50', '58')]
size10329color50 48
size10330color50 50
size10331color50 52
size10332color50 54
size10333color50 56
size10334color50 58
['темно-серый,48', 'темно-серый,50', 'темно-серый,52', 'темно-серый,54', 'темно-серый,56', 'темно-серый,58']
Зимнее пальто NIA-22611
descrArr: ['\r\n\t\t\t\tАртикул: NIA-22611 ', '\t\t\t\tМатериал: 100% полиэстер ', '\t\t\t\tПодкладка: 100% полиэстер ', '\t\t\t\tУтеплитель: биопух ', '\t\t\t\t\t\t\t\tКапюшон: есть, не отстегивается ', '\t\t\t\t\t\t\t', 'Удлиненное зимнее пальто с застежкой на центральную молнию и кнопки. Красивый темно-серый цвет отлично гармонирует с белым иск. мехом под кролика (мех мягкий очень приятный на ощупь). Современная простежка изделия. Удобные карманы на магнитах. Воротник можно отложить (фото 2), либо застегнуть на пуговицу (фото 1), также по воротником имеются кулиски - можно затянуть воротник плотно. Рукав с трикотажным манжетом. По низу изделия молнии - для увеличения ширины шага. Пояс в комплекте.\xa0\xa0', 'Удобная комфортная посадка. Отличное качество.\xa0', 'Размер в размер - по фигуре, для эффекта объема или одеяла можно выбирать на 1-2 размера больше. Температурный режим - до -20.\xa0']
art: NIA-22611
sostav: Материал: 100% полиэстер Подкладка: 100% полиэстер 
descr: Утеплитель: биопух Капюшон: есть, не отстегивается  Удлиненное зимнее пальто с застежкой на центральную молнию и кнопки. Красивый темно-серый цвет отлично гармонирует с белым иск. мехом под кролика (мех мягкий очень приятный на ощупь). Современная простежка изделия. Удобные карманы на магнитах. Воротник можно отложить (фото 2), либо застегнуть на пуговицу (фото 1), также по воротником имеются кулиски - можно затянуть воротник плотно. Рукав с трикотажным манжетом. По низу изделия молнии - для увеличения ширины шага. Пояс в комплекте. Удобная комфортная посадка. Отличное качество. Размер в размер - по фигуре, для эффекта объема или одеяла можно выбирать на 1-2 размера больше. Температурный режим - до -20. 
8800

url: http://www.kurtki54.ru/catalog/item/zimnee-palto-hr22821.html
color: ['серый']
colorid: ['color10']
col: {'color10': 'серый'}
disabled: []
['48', '50', '52', '54', '56', '58']
['size10498color10', 'size10499color10', 'size10500color10', 'size10501color10', 'size10502color10', 'size10503color10']
[('size10498color10', '48'), ('size10499color10', '50'), ('size10500color10', '52'), ('size10501color10', '54'), ('size10502color10', '56'), ('size10503color10', '58')]
size10498color10 48
size10499color10 50
size10500color10 52
size10501color10 54
size10502color10 56
size10503color10 58
['серый,48', 'серый,50', 'серый,52', 'серый,54', 'серый,56', 'серый,58']
Зимнее пальто HR-22821
descrArr: ['\r\n\t\t\t\tАртикул: HR-22821 ', '\t\t\t\tМатериал: 100% полиэстер ', '\t\t\t\tПодкладка: 100% полиэстер ', '\t\t\t\tУтеплитель: биопух ', '\t\t\t\t\t\t\t\tКапюшон: есть, не отстегивается ', '\t\t\t\t\t\t\t', 'Зимнее пальто 95 см (до колен) с центральной застежкой на молнию. Основной светло-серый цвет скомбинирован с черным капюшоном из блестящего водоотталкивающего материала. Рукав с трикотажным манжетом. По внешней стороне - карманы на магнитах (внутри мягкий материал). По бокам имеются молнии (плюс 4-6см к шагу).\xa0', 'Подходит на зимний сезон (до -20..-25). Размеры полные (48 на 48-50 или 48 с хорошим объемом или 50 по фигуре). Наполнитель - биопух 220г. Вес 1,5кг.', '\r\n']
art: HR-22821
sostav: Материал: 100% полиэстер Подкладка: 100% полиэстер 
descr: Утеплитель: биопух Капюшон: есть, не отстегивается  Зимнее пальто 95 см (до колен) с центральной застежкой на молнию. Основной светло-серый цвет скомбинирован с черным капюшоном из блестящего водоотталкивающего материала. Рукав с трикотажным манжетом. По внешней стороне - карманы на магнитах (внутри мягкий материал). По бокам имеются молнии (плюс 4-6см к шагу). Подходит на зимний сезон (до -20..-25). Размеры полные (48 на 48-50 или 48 с хорошим объемом или 50 по фигуре). Наполнитель - биопух 220г. Вес 1,5кг.  
6400

url: http://www.kurtki54.ru/catalog/item/zimnee-paltoodejalo-akd2213.html
color: ['зеленый', 'серый', 'черный']
colorid: ['color7', 'color10', 'color1']
col: {'color7': 'зеленый', 'color10': 'серый', 'color1': 'черный'}
disabled: ['size10278color10', 'size10279color10']
['50', '50', '50', '52', '52', '52', '54', '54', '54', '56', '56', '56', '58', '58', '58', '60', '60', '60']
['size10277color7', 'size10277color10', 'size10277color1', 'size10278color7', 'size10278color10', 'size10278color1', 'size10279color7', 'size10279color10', 'size10279color1', 'size10280color7', 'size10280color10', 'size10280color1', 'size10281color7', 'size10281color10', 'size10281color1', 'size10282color7', 'size10282color10', 'size10282color1']
[('size10277color7', '50'), ('size10277color10', '50'), ('size10277color1', '50'), ('size10278color7', '52'), ('size10278color10', '52'), ('size10278color1', '52'), ('size10279color7', '54'), ('size10279color10', '54'), ('size10279color1', '54'), ('size10280color7', '56'), ('size10280color10', '56'), ('size10280color1', '56'), ('size10281color7', '58'), ('size10281color10', '58'), ('size10281color1', '58'), ('size10282color7', '60'), ('size10282color10', '60'), ('size10282color1', '60')]
size10277color7 50
size10277color10 50
size10277color1 50
size10278color7 52
size10278color10 52
disable size10278color10 52
size10278color1 52
size10279color7 54
size10279color10 54
disable size10279color10 54
size10279color1 54
size10280color7 56
size10280color10 56
size10280color1 56
size10281color7 58
size10281color10 58
size10281color1 58
size10282color7 60
size10282color10 60
size10282color1 60
['зеленый,50', 'серый,50', 'черный,50', 'зеленый,52', 'черный,52', 'зеленый,54', 'черный,54', 'зеленый,56', 'серый,56', 'черный,56', 'зеленый,58', 'серый,58', 'черный,58', 'зеленый,60', 'серый,60', 'черный,60']
Зимнее пальто-одеяло AKD-2213
descrArr: ['\r\n\t\t\t\tАртикул: AKD-2213 ', '\t\t\t\tМатериал: 100% полиэстер ', '\t\t\t\tПодкладка: 100% полиэстер ', '\t\t\t\tУтеплитель: биопух ', '\t\t\t\tКапюшон: есть, отстегивается ', '\t\t\t\t\t\t\t\t\t\t\t', 'Зимнее удлиненное пальто свободного объемного силуэта. Красивый зеленый цвет на контрасте с бежевыми вставками.\xa0Застежка на молнию + кнопки. Внутри - современный утеплитель биопух. Рукав с трикотажным манжетом. Замер рукава выполнен от ворота. По внутренней стороне - 1 карман на липе. По внешней стороне - объемные накладные карманы на кнопках.\xa0', 'Удобный силуэт, комфортная посадка, подходит на зимний сезон до -20..-25.\xa0 Увеличенные замеры ОГИ ОТИ ОБИ обусловлены объемным фасоном изделия.\xa0']
art: AKD-2213
sostav: Материал: 100% полиэстер Подкладка: 100% полиэстер 
descr: Утеплитель: биопух Капюшон: есть, отстегивается  Зимнее удлиненное пальто свободного объемного силуэта. Красивый зеленый цвет на контрасте с бежевыми вставками. Застежка на молнию + кнопки. Внутри - современный утеплитель биопух. Рукав с трикотажным манжетом. Замер рукава выполнен от ворота. По внутренней стороне - 1 карман на липе. По внешней стороне - объемные накладные карманы на кнопках. Удобный силуэт, комфортная посадка, подходит на зимний сезон до -20..-25.  Увеличенные замеры ОГИ ОТИ ОБИ обусловлены объемным фасоном изделия. 
8000

url: http://www.kurtki54.ru/catalog/item/zimnjaja-kurtka-at25.html
color: ['красный', 'джинс', 'темно-синий']
colorid: ['color4', 'color68', 'color3']
col: {'color4': 'красный', 'color68': 'джинс', 'color3': 'темно-синий'}
disabled: []
['46', '46', '46', '48', '48', '48', '50', '50', '50', '52', '52', '52', '54', '54', '54']
['size10471color68', 'size10471color4', 'size10471color3', 'size10472color68', 'size10472color4', 'size10472color3', 'size10473color68', 'size10473color4', 'size10473color3', 'size10474color68', 'size10474color4', 'size10474color3', 'size10475color68', 'size10475color4', 'size10475color3']
[('size10471color68', '46'), ('size10471color4', '46'), ('size10471color3', '46'), ('size10472color68', '48'), ('size10472color4', '48'), ('size10472color3', '48'), ('size10473color68', '50'), ('size10473color4', '50'), ('size10473color3', '50'), ('size10474color68', '52'), ('size10474color4', '52'), ('size10474color3', '52'), ('size10475color68', '54'), ('size10475color4', '54'), ('size10475color3', '54')]
size10471color68 46
size10471color4 46
size10471color3 46
size10472color68 48
size10472color4 48
size10472color3 48
size10473color68 50
size10473color4 50
size10473color3 50
size10474color68 52
size10474color4 52
size10474color3 52
size10475color68 54
size10475color4 54
size10475color3 54
['джинс,46', 'красный,46', 'темно-синий,46', 'джинс,48', 'красный,48', 'темно-синий,48', 'джинс,50', 'красный,50', 'темно-синий,50', 'джинс,52', 'красный,52', 'темно-синий,52', 'джинс,54', 'красный,54', 'темно-синий,54']
Зимняя куртка AT-25
descrArr: ['\r\n\t\t\t\tАртикул: AT-25 ', '\t\t\t\tМатериал: 100% полиэстер ', '\t\t\t\tПодкладка: 100% полиэстер ', '\t\t\t\tУтеплитель: биопух ', '\t\t\t\t\t\t\t\tКапюшон: есть, не отстегивается ', '\t\t\t\t\t\t\t', 'Прекрасная универсальная зимняя модель, которая подойдет для разных стилей: классика\xa0- можно создавать образы с платьем и брюками,\xa0для города - прекрасно сочетается с джинсами, а также может быть спортивным вариантом с теплыми брюками для прогулок. Длина примерно 70см - по ягодицы. Застежка на молнию и кнопки. Приятный материал верха под атлас, внутри - современный биопух (вес всего изделия 1кг, наполнитель 220г - хорошая набивка). Рукав дополнен резиночкой\xa0от ветра и непогоды. По внутренней стороне - 1 прорезной карман, по внешней - глубокие накладные карманы.\xa0', 'Размеры объемные (46 на 46 с хорошим объемом или запасом), если нужно по фигуре необходимо выбирать на размер меньше (46 на 48). Отличное фабричное качество.']
art: AT-25
sostav: Материал: 100% полиэстер Подкладка: 100% полиэстер 
descr: Утеплитель: биопух Капюшон: есть, не отстегивается  Прекрасная универсальная зимняя модель, которая подойдет для разных стилей: классика - можно создавать образы с платьем и брюками, для города - прекрасно сочетается с джинсами, а также может быть спортивным вариантом с теплыми брюками для прогулок. Длина примерно 70см - по ягодицы. Застежка на молнию и кнопки. Приятный материал верха под атлас, внутри - современный биопух (вес всего изделия 1кг, наполнитель 220г - хорошая набивка). Рукав дополнен резиночкой от ветра и непогоды. По внутренней стороне - 1 прорезной карман, по внешней - глубокие накладные карманы. Размеры объемные (46 на 46 с хорошим объемом или запасом), если нужно по фигуре необходимо выбирать на размер меньше (46 на 48). Отличное фабричное качество. 
6000

url: http://www.kurtki54.ru/catalog/item/zimnee-polupalto-cov719.html
color: ['темно-синий', 'мята']
colorid: ['color3', 'color61']
col: {'color3': 'темно-синий', 'color61': 'мята'}
disabled: ['size10558color61', 'size10561color61']
['48', '48', '50', '50', '52', '52', '54', '54', '56', '56', '58', '58']
['size10558color61', 'size10558color3', 'size10559color61', 'size10559color3', 'size10560color61', 'size10560color3', 'size10561color61', 'size10561color3', 'size10562color61', 'size10562color3', 'size10563color61', 'size10563color3']
[('size10558color61', '48'), ('size10558color3', '48'), ('size10559color61', '50'), ('size10559color3', '50'), ('size10560color61', '52'), ('size10560color3', '52'), ('size10561color61', '54'), ('size10561color3', '54'), ('size10562color61', '56'), ('size10562color3', '56'), ('size10563color61', '58'), ('size10563color3', '58')]
size10558color61 48
disable size10558color61 48
size10558color3 48
size10559color61 50
size10559color3 50
size10560color61 52
size10560color3 52
size10561color61 54
disable size10561color61 54
size10561color3 54
size10562color61 56
size10562color3 56
size10563color61 58
size10563color3 58
['темно-синий,48', 'мята,50', 'темно-синий,50', 'мята,52', 'темно-синий,52', 'темно-синий,54', 'мята,56', 'темно-синий,56', 'мята,58', 'темно-синий,58']
Зимнее полупальто COV-719
descrArr: ['\r\n\t\t\t\tАртикул: COV-719 ', '\t\t\t\tМатериал: 100% полиэстер ', '\t\t\t\tПодкладка: 100% полиэстер ', '\t\t\t\tУтеплитель: синтепух ', '\t\t\t\t\t\t\t\tКапюшон: есть, не отстегивается ', '\t\t\t\t\t\t\t', 'Простеганное полупальто с застежкой на центральную тракторную молнию. Рукав с трикотажным манжетом. Плотный материал верха. ПО бокам - прорезные карманы на кнопке, по внутренней стороне - 1 карман на липе. Утеплитель: синтетический пух 240г. Подходит на зимний сезон до -25.\xa0', 'Фабричное качество, бренд COVILY. Размер в размер.\xa0']
art: COV-719
sostav: Материал: 100% полиэстер Подкладка: 100% полиэстер 
descr: Утеплитель: синтепух Капюшон: есть, не отстегивается  Простеганное полупальто с застежкой на центральную тракторную молнию. Рукав с трикотажным манжетом. Плотный материал верха. ПО бокам - прорезные карманы на кнопке, по внутренней стороне - 1 карман на липе. Утеплитель: синтетический пух 240г. Подходит на зимний сезон до -25. Фабричное качество, бренд COVILY. Размер в размер. 
4500

url: http://www.kurtki54.ru/catalog/item/brak--zimnee-palto-cov991b-2.html
color: ['серый металлик']
colorid: ['color145']
col: {'color145': 'серый металлик'}
disabled: []
['42', '44', '46', '48', '50']
['size10541color145', 'size10542color145', 'size10543color145', 'size10544color145', 'size10545color145']
[('size10541color145', '42'), ('size10542color145', '44'), ('size10543color145', '46'), ('size10544color145', '48'), ('size10545color145', '50')]
size10541color145 42
size10542color145 44
size10543color145 46
size10544color145 48
size10545color145 50
['серый металлик,42', 'серый металлик,44', 'серый металлик,46', 'серый металлик,48', 'серый металлик,50']
Брак - зимнее пальто COV-991-B
descrArr: ['\r\n\t\t\t\tАртикул: COV-991-B ', '\t\t\t\tМатериал: 100% полиэстер ', '\t\t\t\tПодкладка: 100% полиэстер ', '\t\t\t\tУтеплитель: биопух ', '\t\t\t\t\t\t\t\tКапюшон: есть, не отстегивается ', '\t\t\t\t\t\t\t', 'Партия 30шт с браком - под нижними карманами пропитанное пятно\xa0(его видно при определенном наклоне, не при любом освещении). Для его выведения нужно использовать спиртовую салфетку (или антисептик), она уберет пропитку - останется небольшой развод (его видно еще меньше). Далее, при желании, можно постирать изделие на бережной стирке со средством для мембранных тканей, развод может полностью уйти (при стирке с обычным порошком - слегка развод остается). Сфотографировать проблему сложно, тк она видна при определенном освещении, но фото сделали - по запросу вышлем на почту.\xa0', 'Удлиненное зимнее пальто 110см, выполненное в современных трендах. Мягкий приятный материал верха с небольшим блеском с водо- и ветро- защитными свойствами, внутри изделия биопух (вес 1,6-1,7кг). По бокам пальто имеются молнии для ширины шага. Удобные внешние карманы (2 вертикальных на молнии + 2 горизонтальных на кнопках) дополнены мягким флисом. Изюминка модели - яркие контрастные элементы - внутренняя планка (по всей длине молнии) + лента-пояс на карабинах (можно отстегнуть и использовать по своему усмотрению; в упаковке находится в нижнем кармане).\xa0Рукав с трикотажным манжетом. Подходит на зимний сезон (до -25).\xa0', 'Размеры: для посадки по фигуре - размер в размер, для доп. зимнего запаса необходимо на размер больше, для посадки оверсайз - на 2 размера больше.\xa0']
art: COV-991-B
sostav: Материал: 100% полиэстер Подкладка: 100% полиэстер 
descr: Утеплитель: биопух Капюшон: есть, не отстегивается  Партия 30шт с браком - под нижними карманами пропитанное пятно (его видно при определенном наклоне, не при любом освещении). Для его выведения нужно использовать спиртовую салфетку (или антисептик), она уберет пропитку - останется небольшой развод (его видно еще меньше). Далее, при желании, можно постирать изделие на бережной стирке со средством для мембранных тканей, развод может полностью уйти (при стирке с обычным порошком - слегка развод остается). Сфотографировать проблему сложно, тк она видна при определенном освещении, но фото сделали - по запросу вышлем на почту. Удлиненное зимнее пальто 110см, выполненное в современных трендах. Мягкий приятный материал верха с небольшим блеском с водо- и ветро- защитными свойствами, внутри изделия биопух (вес 1,6-1,7кг). По бокам пальто имеются молнии для ширины шага. Удобные внешние карманы (2 вертикальных на молнии + 2 горизонтальных на кнопках) дополнены мягким флисом. Изюминка модели - яркие контрастные элементы - внутренняя планка (по всей длине молнии) + лента-пояс на карабинах (можно отстегнуть и использовать по своему усмотрению; в упаковке находится в нижнем кармане). Рукав с трикотажным манжетом. Подходит на зимний сезон (до -25). Размеры: для посадки по фигуре - размер в размер, для доп. зимнего запаса необходимо на размер больше, для посадки оверсайз - на 2 размера больше. 
3000

url: http://www.kurtki54.ru/catalog/item/sportivnye-zimnie-brjuki-rsq8815-2.html
color: ['черный']
colorid: ['color1']
col: {'color1': 'черный'}
disabled: []
['44', '46', '48', '50', '52']
['size10546color1', 'size10547color1', 'size10548color1', 'size10549color1', 'size10550color1']
[('size10546color1', '44'), ('size10547color1', '46'), ('size10548color1', '48'), ('size10549color1', '50'), ('size10550color1', '52')]
size10546color1 44
size10547color1 46
size10548color1 48
size10549color1 50
size10550color1 52
['черный,44', 'черный,46', 'черный,48', 'черный,50', 'черный,52']
Спортивные зимние брюки RSQ-8815
descrArr: ['\r\n\t\t\t\tАртикул: RSQ-8815 ', '\t\t\t\tМатериал: 100% полиэстер ', '\t\t\t\tПодкладка: 100% полиэстер ', '\t\t\t\tУтеплитель: синтепон ', '\t\t\t\t\t\t\t\t\t\t\t\t\t\t\t', 'Приятный материал верха с водо- и ветро- защитой. Застежка на молнию + металлический крючок. Прорезные карманы на молнии. По талии:\xa0резинки по бокам\xa0+\xa0регулировка на липе. Съемные регулируемые бретели. По низу штанины - снегозащитные гетры + молния для расширения (+4см).\xa0', 'Идеально подходят для зимних прогулок, а также занятий спортом. Удобная посадка. Темп. режим: до -30 (утеплитель 150г). Размер в размер. Класс изделия: middle, имеются необрезанные нитки в швах, необходимо убрать перед ноской.\xa0', 'Прим.: замер ОТ выполнен при растянутой резинке (без растяжения:\xa0-10см).\xa0']
art: RSQ-8815
sostav: Материал: 100% полиэстер Подкладка: 100% полиэстер 
descr: Утеплитель: синтепон  Приятный материал верха с водо- и ветро- защитой. Застежка на молнию + металлический крючок. Прорезные карманы на молнии. По талии: резинки по бокам + регулировка на липе. Съемные регулируемые бретели. По низу штанины - снегозащитные гетры + молния для расширения (+4см). Идеально подходят для зимних прогулок, а также занятий спортом. Удобная посадка. Темп. режим: до -30 (утеплитель 150г). Размер в размер. Класс изделия: middle, имеются необрезанные нитки в швах, необходимо убрать перед ноской. Прим.: замер ОТ выполнен при растянутой резинке (без растяжения: -10см). 
3400

url: http://www.kurtki54.ru/catalog/item/zimnjaja-kurtka-at191-2.html
color: ['серый', 'черный']
colorid: ['color10', 'color1']
col: {'color10': 'серый', 'color1': 'черный'}
disabled: []
['42', '42', '44', '44', '46', '46', '48', '48', '50', '50']
['size10454color10', 'size10454color1', 'size10455color10', 'size10455color1', 'size10456color10', 'size10456color1', 'size10457color10', 'size10457color1', 'size10458color10', 'size10458color1']
[('size10454color10', '42'), ('size10454color1', '42'), ('size10455color10', '44'), ('size10455color1', '44'), ('size10456color10', '46'), ('size10456color1', '46'), ('size10457color10', '48'), ('size10457color1', '48'), ('size10458color10', '50'), ('size10458color1', '50')]
size10454color10 42
size10454color1 42
size10455color10 44
size10455color1 44
size10456color10 46
size10456color1 46
size10457color10 48
size10457color1 48
size10458color10 50
size10458color1 50
['серый,42', 'черный,42', 'серый,44', 'черный,44', 'серый,46', 'черный,46', 'серый,48', 'черный,48', 'серый,50', 'черный,50']
Зимняя куртка AT-191
descrArr: ['\r\n\t\t\t\tАртикул: AT-191 ', '\t\t\t\tМатериал: 100% полиэстер ', '\t\t\t\tПодкладка: 100% полиэстер ', '\t\t\t\tУтеплитель: биопух ', '\t\t\t\t\t\t\t\tКапюшон: есть, не отстегивается ', '\t\t\t\t\t\t\t', 'Зимняя куртка, выполненная в трендовых расцветках зеленого коллекции 22/23. Застежка на центральную молнию. Рукав с трикотажным манжетом. По бокам имеются молнии - при расстегивании к ОБИ +4см.\xa0', 'Подходит для зимы до -20: городских прогулок, а также занятий спортом. С поддевой до -30.\xa0', 'Размер в размер. Удобная комфортная посадка.\xa0', '\r\n']
art: AT-191
sostav: Материал: 100% полиэстер Подкладка: 100% полиэстер 
descr: Утеплитель: биопух Капюшон: есть, не отстегивается  Зимняя куртка, выполненная в трендовых расцветках зеленого коллекции 22/23. Застежка на центральную молнию. Рукав с трикотажным манжетом. По бокам имеются молнии - при расстегивании к ОБИ +4см. Подходит для зимы до -20: городских прогулок, а также занятий спортом. С поддевой до -30. Размер в размер. Удобная комфортная посадка.  
5600

url: http://www.kurtki54.ru/catalog/item/zimnee-palto-cov2036.html
color: ['черный', 'темно-синий', 'черно-зеленый']
colorid: ['color1', 'color3', 'color120']
col: {'color1': 'черный', 'color3': 'темно-синий', 'color120': 'черно-зеленый'}
disabled: []
['48', '48', '48', '50', '50', '50', '52', '52', '52', '54', '54', '54', '56', '56', '56']
['size10531color3', 'size10531color120', 'size10531color1', 'size10532color3', 'size10532color120', 'size10532color1', 'size10533color3', 'size10533color120', 'size10533color1', 'size10534color3', 'size10534color120', 'size10534color1', 'size10535color3', 'size10535color120', 'size10535color1']
[('size10531color3', '48'), ('size10531color120', '48'), ('size10531color1', '48'), ('size10532color3', '50'), ('size10532color120', '50'), ('size10532color1', '50'), ('size10533color3', '52'), ('size10533color120', '52'), ('size10533color1', '52'), ('size10534color3', '54'), ('size10534color120', '54'), ('size10534color1', '54'), ('size10535color3', '56'), ('size10535color120', '56'), ('size10535color1', '56')]
size10531color3 48
size10531color120 48
size10531color1 48
size10532color3 50
size10532color120 50
size10532color1 50
size10533color3 52
size10533color120 52
size10533color1 52
size10534color3 54
size10534color120 54
size10534color1 54
size10535color3 56
size10535color120 56
size10535color1 56
['темно-синий,48', 'черно-зеленый,48', 'черный,48', 'темно-синий,50', 'черно-зеленый,50', 'черный,50', 'темно-синий,52', 'черно-зеленый,52', 'черный,52', 'темно-синий,54', 'черно-зеленый,54', 'черный,54', 'темно-синий,56', 'черно-зеленый,56', 'черный,56']
Зимнее пальто COV-2036
descrArr: ['\r\n\t\t\t\tАртикул: COV-2036 ', '\t\t\t\tМатериал: 100% полиэстер ', '\t\t\t\tПодкладка: 100% полиэстер ', '\t\t\t\tУтеплитель: биопух ', '\t\t\t\t\t\t\t\tКапюшон: есть, не отстегивается ', '\t\t\t\t\t\t\t', 'Зимнее пальто с центральной застежкой на молнию. Качественный приятный материал верха. По внешней стороне 2 кармана на молнии +2 на кнопке, по внутренней стороне: 1 прорезной карман. Рукав с трикотажным манжетом.\xa0\xa0', 'Размеры полные. Очень удобная комфортная посадка. Наполнитель - биопух 200г (подходит макс. до -20). Бренд Covily.\xa0', 'Прим.: под центральной молнией в черном цвете контрастная планка (фото №7), в темно-синем и черно-зеленом цветах буквы на планке черные (не контрастные).\xa0', '\r\n']
art: COV-2036
sostav: Материал: 100% полиэстер Подкладка: 100% полиэстер 
descr: Утеплитель: биопух Капюшон: есть, не отстегивается  Зимнее пальто с центральной застежкой на молнию. Качественный приятный материал верха. По внешней стороне 2 кармана на молнии +2 на кнопке, по внутренней стороне: 1 прорезной карман. Рукав с трикотажным манжетом. Размеры полные. Очень удобная комфортная посадка. Наполнитель - биопух 200г (подходит макс. до -20). Бренд Covily. Прим.: под центральной молнией в черном цвете контрастная планка (фото №7), в темно-синем и черно-зеленом цветах буквы на планке черные (не контрастные).  
5800

url: http://www.kurtki54.ru/catalog/item/sportivnye-zimnie-brjuki-rsq2188.html
color: ['темно-синий']
colorid: ['color3']
col: {'color3': 'темно-синий'}
disabled: []
['42', '44', '46', '48', '50']
['size10536color3', 'size10537color3', 'size10538color3', 'size10539color3', 'size10540color3']
[('size10536color3', '42'), ('size10537color3', '44'), ('size10538color3', '46'), ('size10539color3', '48'), ('size10540color3', '50')]
size10536color3 42
size10537color3 44
size10538color3 46
size10539color3 48
size10540color3 50
['темно-синий,42', 'темно-синий,44', 'темно-синий,46', 'темно-синий,48', 'темно-синий,50']
Спортивные зимние брюки RSQ-2188
descrArr: ['\r\n\t\t\t\tАртикул: RSQ-8815 ', '\t\t\t\tМатериал: 100% полиэстер ', '\t\t\t\tПодкладка: 100% полиэстер ', '\t\t\t\tУтеплитель: синтепон ', '\t\t\t\t\t\t\t\t\t\t\t\t\t\t\t', 'Плотный материал верха с водо- и ветро- защитой (слегка шуршит при ходьбе). Глубокий темно-синий цвет.\xa0 Застежка на молнию + металлический крючок + кнопку. Прорезные карманы на молнии. По талии регулировка на липе. Расстегивающиеся молнии в верхней части (+6см к ОТИ) - можно расстегивать для увеличения полноты размера.\xa0Съемные регулируемые бретели. По низу штанины - снегозащитные гетры + молния для расширения с кнопкой (+4см).\xa0', 'Идеально подходят для зимних прогулок, а также занятий спортом. Темп. режим: до -30 (утеплитель 150г).\xa0 Класс изделия: middle, имеются необрезанные нитки в швах, необходимо убрать перед ноской.\xa0', 'Садятся плотно размер в размер (если расстегнуть молнии, получается полноценный размер).\xa0']
art: RSQ-8815
sostav: Материал: 100% полиэстер Подкладка: 100% полиэстер 
descr: Утеплитель: синтепон  Плотный материал верха с водо- и ветро- защитой (слегка шуршит при ходьбе). Глубокий темно-синий цвет.  Застежка на молнию + металлический крючок + кнопку. Прорезные карманы на молнии. По талии регулировка на липе. Расстегивающиеся молнии в верхней части (+6см к ОТИ) - можно расстегивать для увеличения полноты размера. Съемные регулируемые бретели. По низу штанины - снегозащитные гетры + молния для расширения с кнопкой (+4см). Идеально подходят для зимних прогулок, а также занятий спортом. Темп. режим: до -30 (утеплитель 150г).  Класс изделия: middle, имеются необрезанные нитки в швах, необходимо убрать перед ноской. Садятся плотно размер в размер (если расстегнуть молнии, получается полноценный размер). 
3500

url: http://www.kurtki54.ru/catalog/item/zimnee-palto-hr22610.html
color: ['чернильный']
colorid: ['color32']
col: {'color32': 'чернильный'}
disabled: []
['50', '52', '54', '56', '58', '60']
['size10525color32', 'size10526color32', 'size10527color32', 'size10528color32', 'size10529color32', 'size10530color32']
[('size10525color32', '50'), ('size10526color32', '52'), ('size10527color32', '54'), ('size10528color32', '56'), ('size10529color32', '58'), ('size10530color32', '60')]
size10525color32 50
size10526color32 52
size10527color32 54
size10528color32 56
size10529color32 58
size10530color32 60
['чернильный,50', 'чернильный,52', 'чернильный,54', 'чернильный,56', 'чернильный,58', 'чернильный,60']
Зимнее пальто HR-22610
descrArr: ['\r\n\t\t\t\tАртикул: HR-22610 ', '\t\t\t\tМатериал: 100% полиэстер ', '\t\t\t\tПодкладка: 100% полиэстер ', '\t\t\t\tУтеплитель: биопух ', '\t\t\t\t\t\t\t\tКапюшон: есть, не отстегивается ', '\t\t\t\t\t\t\t', 'Удлиненное зимнее пальто с застежкой на центральную молнию и кнопки.\xa0 ', 'Глубокий сине-черный цвет отлично гармонирует с белым иск. мехом под кролика (мех мягкий очень приятный на ощупь, идет по капюшону + по передней полочке).\xa0', 'По внушней стороне - карманы на молнии, по внутренней - 1 накладной карман.\xa0', 'Рукав с трикотажным манжетом. По низу изделия молнии - для увеличения ширины шага.\xa0', 'Удобная комфортная посадка.\xa0 Размер в размер. Утеплитель: биопух 220г, температурный режим до -20..-25.\xa0', '\r\n']
art: HR-22610
sostav: Материал: 100% полиэстер Подкладка: 100% полиэстер 
descr: Утеплитель: биопух Капюшон: есть, не отстегивается  Удлиненное зимнее пальто с застежкой на центральную молнию и кнопки. Глубокий сине-черный цвет отлично гармонирует с белым иск. мехом под кролика (мех мягкий очень приятный на ощупь, идет по капюшону + по передней полочке). По внушней стороне - карманы на молнии, по внутренней - 1 накладной карман. Рукав с трикотажным манжетом. По низу изделия молнии - для увеличения ширины шага. Удобная комфортная посадка.  Размер в размер. Утеплитель: биопух 220г, температурный режим до -20..-25.  
8800

url: http://www.kurtki54.ru/catalog/item/zimnee-palto-akd2201.html
color: ['бежевый']
colorid: ['color25']
col: {'color25': 'бежевый'}
disabled: ['size10255color25', 'size10256color25']
['50', '52', '54', '56', '58', '60']
['size10254color25', 'size10255color25', 'size10256color25', 'size10257color25', 'size10258color25', 'size10259color25']
[('size10254color25', '50'), ('size10255color25', '52'), ('size10256color25', '54'), ('size10257color25', '56'), ('size10258color25', '58'), ('size10259color25', '60')]
size10254color25 50
size10255color25 52
disable size10255color25 52
size10256color25 54
disable size10256color25 54
size10257color25 56
size10258color25 58
size10259color25 60
['бежевый,50', 'бежевый,56', 'бежевый,58', 'бежевый,60']
Зимнее пальто-биопуховик AKD-2201
descrArr: ['\r\n\t\t\t\tАртикул: AKD-2201 ', '\t\t\t\tМатериал: 100% полиэстер ', '\t\t\t\tПодкладка: 100% полиэстер ', '\t\t\t\tУтеплитель: биопух ', '\t\t\t\t\t\t\t\tКапюшон: есть, не отстегивается ', '\t\t\t\t\t\t\t', 'Стильное удлиненное пальто 110-115см для зимнего сезона (до -20..-25) Застежка на центральную молнию + ветрозащитный клапан на кнопках.\xa0Удобный силуэт, комфортная посадка, легкий современный утеплитель биопух. Рукав с трикотажным манжетом. По низу изделия - кулиска стоппер + декоративные элементы. По внутренней стороне - 1 карман на молнии.\xa0', 'Размер в размер.\xa0', 'Цвет - свело-бежевый, на улице будет более светлый, чем студийное фото.']
art: AKD-2201
sostav: Материал: 100% полиэстер Подкладка: 100% полиэстер 
descr: Утеплитель: биопух Капюшон: есть, не отстегивается  Стильное удлиненное пальто 110-115см для зимнего сезона (до -20..-25) Застежка на центральную молнию + ветрозащитный клапан на кнопках. Удобный силуэт, комфортная посадка, легкий современный утеплитель биопух. Рукав с трикотажным манжетом. По низу изделия - кулиска стоппер + декоративные элементы. По внутренней стороне - 1 карман на молнии. Размер в размер. Цвет - свело-бежевый, на улице будет более светлый, чем студийное фото. 
7900

url: http://www.kurtki54.ru/catalog/item/zimnee-palto-ky519.html
color: ['темно-бирюзовый', 'капучино']
colorid: ['color40', 'color81']
col: {'color40': 'темно-бирюзовый', 'color81': 'капучино'}
disabled: ['size10314color40']
['50', '50', '52', '52', '54', '54', '56', '56', '58', '58', '60', '60']
['size10312color81', 'size10312color40', 'size10313color81', 'size10313color40', 'size10314color81', 'size10314color40', 'size10315color81', 'size10315color40', 'size10316color81', 'size10316color40', 'size10311color81', 'size10311color40']
[('size10312color81', '50'), ('size10312color40', '50'), ('size10313color81', '52'), ('size10313color40', '52'), ('size10314color81', '54'), ('size10314color40', '54'), ('size10315color81', '56'), ('size10315color40', '56'), ('size10316color81', '58'), ('size10316color40', '58'), ('size10311color81', '60'), ('size10311color40', '60')]
size10312color81 50
size10312color40 50
size10313color81 52
size10313color40 52
size10314color81 54
size10314color40 54
disable size10314color40 54
size10315color81 56
size10315color40 56
size10316color81 58
size10316color40 58
size10311color81 60
size10311color40 60
['капучино,50', 'темно-бирюзовый,50', 'капучино,52', 'темно-бирюзовый,52', 'капучино,54', 'капучино,56', 'темно-бирюзовый,56', 'капучино,58', 'темно-бирюзовый,58', 'капучино,60', 'темно-бирюзовый,60']
Зимнее пальто KY-519
descrArr: ['\r\n\t\t\t\tАртикул: KY-519 ', '\t\t\t\tМатериал: 100% полиэстер ', '\t\t\t\tПодкладка: 100% полиэстер ', '\t\t\t\tУтеплитель: биопух ', '\t\t\t\t\t\t\t\tКапюшон: есть, не отстегивается ', '\t\t\t\t\t\t\t', 'Зимнее пальто с центральной застежкой на молнию и ветрозащитным клапаном на кнопках. Мягкий материал верха. Рукав с трикотажным манжетом. Объемный накладные камраны на кнопке.\xa0', 'Комфортная посадка, идет размер в размер. Подходит на зимний сезон (до -20..-25). ', 'Отличные отзывы покупателей.\xa0', '\r\n']
art: KY-519
sostav: Материал: 100% полиэстер Подкладка: 100% полиэстер 
descr: Утеплитель: биопух Капюшон: есть, не отстегивается  Зимнее пальто с центральной застежкой на молнию и ветрозащитным клапаном на кнопках. Мягкий материал верха. Рукав с трикотажным манжетом. Объемный накладные камраны на кнопке. Комфортная посадка, идет размер в размер. Подходит на зимний сезон (до -20..-25). Отличные отзывы покупателей.  
6400

url: http://www.kurtki54.ru/catalog/item/zimnee-paltobiopuhovik-syx8056.html
color: ['темно-синий']
colorid: ['color3']
col: {'color3': 'темно-синий'}
disabled: ['size9848color3', 'size9849color3']
['48', '50', '52', '54', '56', '58']
['size9845color3', 'size9846color3', 'size9847color3', 'size9848color3', 'size9849color3', 'size9850color3']
[('size9845color3', '48'), ('size9846color3', '50'), ('size9847color3', '52'), ('size9848color3', '54'), ('size9849color3', '56'), ('size9850color3', '58')]
size9845color3 48
size9846color3 50
size9847color3 52
size9848color3 54
disable size9848color3 54
size9849color3 56
disable size9849color3 56
size9850color3 58
['темно-синий,48', 'темно-синий,50', 'темно-синий,52', 'темно-синий,58']
Зимнее пальто-биопуховик SYX-8056
descrArr: ['\r\n\t\t\t\tАртикул: SYX-8056 ', '\t\t\t\tМатериал: 100% полиэстер ', '\t\t\t\tПодкладка: 100% полиэстер ', '\t\t\t\tУтеплитель: биопух ', '\t\t\t\t\t\t\t\tКапюшон: есть, не отстегивается ', '\t\t\t\t\t\t\t', 'Зимнее пальто (длина 100см) на утеплителе биопух (темп. режим до -25). Материал верха под атлас с перламутром - цвет синий хамелеон (меняет оттенок при разном освещении). Застежка на центральную тракторную молнию (расстегивается с 2х сторон). Объемный воротник плавно переходит в капюшон (дополнен красивыми стопперами). По бокам - прорезные карманы на кнопке. Рукав с трикотажным манжетом. По низу изделия - стоппер.\xa0', 'Размеры полные.\xa0', '\r\n']
art: SYX-8056
sostav: Материал: 100% полиэстер Подкладка: 100% полиэстер 
descr: Утеплитель: биопух Капюшон: есть, не отстегивается  Зимнее пальто (длина 100см) на утеплителе биопух (темп. режим до -25). Материал верха под атлас с перламутром - цвет синий хамелеон (меняет оттенок при разном освещении). Застежка на центральную тракторную молнию (расстегивается с 2х сторон). Объемный воротник плавно переходит в капюшон (дополнен красивыми стопперами). По бокам - прорезные карманы на кнопке. Рукав с трикотажным манжетом. По низу изделия - стоппер. Размеры полные.  
5900

url: http://www.kurtki54.ru/catalog/item/zimnee-palto-qz16301.html
color: ['черный']
colorid: ['color1']
col: {'color1': 'черный'}
disabled: []
['42', '44', '46', '48', '50']
['size10220color1', 'size10221color1', 'size10222color1', 'size10223color1', 'size10224color1']
[('size10220color1', '42'), ('size10221color1', '44'), ('size10222color1', '46'), ('size10223color1', '48'), ('size10224color1', '50')]
size10220color1 42
size10221color1 44
size10222color1 46
size10223color1 48
size10224color1 50
['черный,42', 'черный,44', 'черный,46', 'черный,48', 'черный,50']
Зимнее пальто-биопуховик QZ-16301
descrArr: ['\r\n\t\t\t\tАртикул: QZ-16301 ', '\t\t\t\tМатериал: 100% полиэстер ', '\t\t\t\tПодкладка: 100% полиэстер ', '\t\t\t\tУтеплитель: биопух ', '\t\t\t\t\t\t\t\tКапюшон: есть, не отстегивается ', '\t\t\t\t\t\t\t', 'Зимнее пальто классического черного цвета на контрасте с желтыми вставками. Рукав с трикотажным манжетом. Прорезные карманы на кнопках. По бокам имеются молнию (при расстегивании к ОБИ +4см).', 'Размеры полные, посадка с небольшим объемом. Для посадки плотно по фигуре необходимо на размер меньше. Подходит на зимний сезон (до -15..-20).\xa0']
art: QZ-16301
sostav: Материал: 100% полиэстер Подкладка: 100% полиэстер 
descr: Утеплитель: биопух Капюшон: есть, не отстегивается  Зимнее пальто классического черного цвета на контрасте с желтыми вставками. Рукав с трикотажным манжетом. Прорезные карманы на кнопках. По бокам имеются молнию (при расстегивании к ОБИ +4см). Размеры полные, посадка с небольшим объемом. Для посадки плотно по фигуре необходимо на размер меньше. Подходит на зимний сезон (до -15..-20). 
4800

url: http://www.kurtki54.ru/catalog/item/zimnee-polupalto-cov1099.html
color: ['золото']
colorid: ['color85']
col: {'color85': 'золото'}
disabled: []
['42', '44', '46', '48', '50']
['size10378color85', 'size10379color85', 'size10380color85', 'size10381color85', 'size10382color85']
[('size10378color85', '42'), ('size10379color85', '44'), ('size10380color85', '46'), ('size10381color85', '48'), ('size10382color85', '50')]
size10378color85 42
size10379color85 44
size10380color85 46
size10381color85 48
size10382color85 50
['золото,42', 'золото,44', 'золото,46', 'золото,48', 'золото,50']
Зимнее полупальто COV-1099
descrArr: ['\r\n\t\t\t\tАртикул: COV-1099 ', '\t\t\t\tМатериал: 100% полиэстер ', '\t\t\t\tПодкладка: 100% полиэстер ', '\t\t\t\tУтеплитель: биопух ', '\t\t\t\t\t\t\t\tКапюшон: есть, не отстегивается ', '\t\t\t\t\t\t\t', 'Супер-скидка!\xa0', 'Зимнее полупальто (макс. темп. режим до -15..-20) с центральной застежкой на молнию и кнопки. Приятный скользящий материал верха. По внешней стороне: 2 кармана на молнии под руки, по внутренней стороне - 1 прорезной карман. Рукав с трикотажным манжетом.\xa0', 'Посадка по фигуре - размер в размер. Для дополнительного объема или запаса необходимо на размер больше. Отличное фабричное качество, удобная посадка, бренд Covily.\xa0']
art: COV-1099
sostav: Материал: 100% полиэстер Подкладка: 100% полиэстер 
descr: Утеплитель: биопух Капюшон: есть, не отстегивается  Супер-скидка! Зимнее полупальто (макс. темп. режим до -15..-20) с центральной застежкой на молнию и кнопки. Приятный скользящий материал верха. По внешней стороне: 2 кармана на молнии под руки, по внутренней стороне - 1 прорезной карман. Рукав с трикотажным манжетом. Посадка по фигуре - размер в размер. Для дополнительного объема или запаса необходимо на размер больше. Отличное фабричное качество, удобная посадка, бренд Covily. 
4400

url: http://www.kurtki54.ru/catalog/item/zimnee-palto-cov991-2.html
color: ['серый металлик']
colorid: ['color145']
col: {'color145': 'серый металлик'}
disabled: []
['42', '44', '46', '48', '50']
['size10488color145', 'size10489color145', 'size10490color145', 'size10491color145', 'size10492color145']
[('size10488color145', '42'), ('size10489color145', '44'), ('size10490color145', '46'), ('size10491color145', '48'), ('size10492color145', '50')]
size10488color145 42
size10489color145 44
size10490color145 46
size10491color145 48
size10492color145 50
['серый металлик,42', 'серый металлик,44', 'серый металлик,46', 'серый металлик,48', 'серый металлик,50']
Зимнее пальто COV-991
descrArr: ['\r\n\t\t\t\tАртикул: COV-991 ', '\t\t\t\tМатериал: 100% полиэстер ', '\t\t\t\tПодкладка: 100% полиэстер ', '\t\t\t\tУтеплитель: биопух ', '\t\t\t\t\t\t\t\tКапюшон: есть, не отстегивается ', '\t\t\t\t\t\t\t', 'Удлиненное зимнее пальто 110см, выполненное в современных трендах. Мягкий приятный материал верха с небольшим блеском с водо- и ветро- защитными свойствами, внутри изделия биопух (вес 1,6-1,7кг). По бокам пальто имеются молнии для ширины шага. Удобные внешние карманы (2 вертикальных на молнии + 2 горизонтальных на кнопках) дополнены мягким флисом. Изюминка модели - яркие контрастные элементы - внутренняя планка (по всей длине молнии) + лента-пояс на карабинах (можно отстегнуть и использовать по своему усмотрению; в упаковке находится в нижнем кармане).\xa0Рукав с трикотажным манжетом. Подходит на зимний сезон (до -25).\xa0', 'Размеры: для посадки по фигуре - размер в размер, для доп. зимнего запаса необходимо на размер больше, для посадки оверсайз - на 2 размера больше.\xa0']
art: COV-991
sostav: Материал: 100% полиэстер Подкладка: 100% полиэстер 
descr: Утеплитель: биопух Капюшон: есть, не отстегивается  Удлиненное зимнее пальто 110см, выполненное в современных трендах. Мягкий приятный материал верха с небольшим блеском с водо- и ветро- защитными свойствами, внутри изделия биопух (вес 1,6-1,7кг). По бокам пальто имеются молнии для ширины шага. Удобные внешние карманы (2 вертикальных на молнии + 2 горизонтальных на кнопках) дополнены мягким флисом. Изюминка модели - яркие контрастные элементы - внутренняя планка (по всей длине молнии) + лента-пояс на карабинах (можно отстегнуть и использовать по своему усмотрению; в упаковке находится в нижнем кармане). Рукав с трикотажным манжетом. Подходит на зимний сезон (до -25). Размеры: для посадки по фигуре - размер в размер, для доп. зимнего запаса необходимо на размер больше, для посадки оверсайз - на 2 размера больше. 
9000

url: http://www.kurtki54.ru/catalog/item/zimnjaja-kurtka-at25-2.html
color: ['молочный']
colorid: ['color38']
col: {'color38': 'молочный'}
disabled: ['size10510color38', 'size10511color38']
['46', '48', '50', '52', '54']
['size10509color38', 'size10510color38', 'size10511color38', 'size10512color38', 'size10513color38']
[('size10509color38', '46'), ('size10510color38', '48'), ('size10511color38', '50'), ('size10512color38', '52'), ('size10513color38', '54')]
size10509color38 46
size10510color38 48
disable size10510color38 48
size10511color38 50
disable size10511color38 50
size10512color38 52
size10513color38 54
['молочный,46', 'молочный,52', 'молочный,54']
Зимняя куртка AT-25
descrArr: ['\r\n\t\t\t\tАртикул: AT-25 ', '\t\t\t\tМатериал: 100% полиэстер ', '\t\t\t\tПодкладка: 100% полиэстер ', '\t\t\t\tУтеплитель: биопух ', '\t\t\t\t\t\t\t\tКапюшон: есть, не отстегивается ', '\t\t\t\t\t\t\t', 'Прекрасная универсальная зимняя модель, которая подойдет для разных стилей: классика\xa0- можно создавать образы с платьем и брюками,\xa0для города - прекрасно сочетается с джинсами, а также может быть спортивным вариантом с теплыми брюками для прогулок. Длина примерно 70см - по ягодицы. Застежка на молнию и кнопки. Приятный материал верха под атлас, внутри - современный биопух (вес всего изделия 1кг, наполнитель 220г - хорошая набивка). Рукав дополнен резиночкой\xa0от ветра и непогоды. По внутренней стороне - 1 прорезной карман, по внешней - глубокие накладные карманы.\xa0', 'Размеры объемные (46 на 46 с хорошим объемом или запасом), если нужно по фигуре необходимо выбирать на размер меньше (46 на 48). Отличное фабричное качество.']
art: AT-25
sostav: Материал: 100% полиэстер Подкладка: 100% полиэстер 
descr: Утеплитель: биопух Капюшон: есть, не отстегивается  Прекрасная универсальная зимняя модель, которая подойдет для разных стилей: классика - можно создавать образы с платьем и брюками, для города - прекрасно сочетается с джинсами, а также может быть спортивным вариантом с теплыми брюками для прогулок. Длина примерно 70см - по ягодицы. Застежка на молнию и кнопки. Приятный материал верха под атлас, внутри - современный биопух (вес всего изделия 1кг, наполнитель 220г - хорошая набивка). Рукав дополнен резиночкой от ветра и непогоды. По внутренней стороне - 1 прорезной карман, по внешней - глубокие накладные карманы. Размеры объемные (46 на 46 с хорошим объемом или запасом), если нужно по фигуре необходимо выбирать на размер меньше (46 на 48). Отличное фабричное качество. 
6000

url: http://www.kurtki54.ru/catalog/item/udlinennaja-kurtkaevrozima-cov1096.html
color: ['черный']
colorid: ['color1']
col: {'color1': 'черный'}
disabled: []
['42', '44', '46', '48', '50']
['size10493color1', 'size10494color1', 'size10495color1', 'size10496color1', 'size10497color1']
[('size10493color1', '42'), ('size10494color1', '44'), ('size10495color1', '46'), ('size10496color1', '48'), ('size10497color1', '50')]
size10493color1 42
size10494color1 44
size10495color1 46
size10496color1 48
size10497color1 50
['черный,42', 'черный,44', 'черный,46', 'черный,48', 'черный,50']
Удлиненная куртка-еврозима COV-1096
descrArr: ['\r\n\t\t\t\tАртикул: COV-1096 ', '\t\t\t\tМатериал: 100% полиэстер ', '\t\t\t\tПодкладка: 100% полиэстер ', '\t\t\t\tУтеплитель: биопух ', '\t\t\t\t\t\t\t\tКапюшон: есть, не отстегивается ', '\t\t\t\t\t\t\t', 'Удлиненная куртка 75см, выполненное в современных трендах. Мягкий приятный материал верха с пропиткой от дождя и снега, внутри изделия биопух (вес 1,1-1,2кг).\xa0 По внешней стороне: 1 карман на молнии + 2 на кнопках. Изюминка модели - яркие контрастные элементы - внутренняя планка (по всей длине молнии) + лента-пояс на карабинах (можно отстегнуть и использовать по своему усмотрению. Рукав с трикотажным манжетом. Подходит на зимний сезон (до -15).\xa0', 'Размеры: для посадки по фигуре - размер в размер, для доп. зимнего запаса необходимо на размер больше, для посадки оверсайз - на 2 размера больше.\xa0']
art: COV-1096
sostav: Материал: 100% полиэстер Подкладка: 100% полиэстер 
descr: Утеплитель: биопух Капюшон: есть, не отстегивается  Удлиненная куртка 75см, выполненное в современных трендах. Мягкий приятный материал верха с пропиткой от дождя и снега, внутри изделия биопух (вес 1,1-1,2кг).  По внешней стороне: 1 карман на молнии + 2 на кнопках. Изюминка модели - яркие контрастные элементы - внутренняя планка (по всей длине молнии) + лента-пояс на карабинах (можно отстегнуть и использовать по своему усмотрению. Рукав с трикотажным манжетом. Подходит на зимний сезон (до -15). Размеры: для посадки по фигуре - размер в размер, для доп. зимнего запаса необходимо на размер больше, для посадки оверсайз - на 2 размера больше. 
5000

url: http://www.kurtki54.ru/catalog/item/zimnee-paltobiopuhovik-qz16301.html
color: ['хаки', 'красный']
colorid: ['color26', 'color4']
col: {'color26': 'хаки', 'color4': 'красный'}
disabled: ['size10388color4', 'size10389color4', 'size10390color4', 'size10390color26', 'size10391color4', 'size10392color4', 'size10392color26']
['42', '42', '44', '44', '46', '46', '48', '48', '50', '50']
['size10388color4', 'size10388color26', 'size10389color4', 'size10389color26', 'size10390color4', 'size10390color26', 'size10391color4', 'size10391color26', 'size10392color4', 'size10392color26']
[('size10388color4', '42'), ('size10388color26', '42'), ('size10389color4', '44'), ('size10389color26', '44'), ('size10390color4', '46'), ('size10390color26', '46'), ('size10391color4', '48'), ('size10391color26', '48'), ('size10392color4', '50'), ('size10392color26', '50')]
size10388color4 42
disable size10388color4 42
size10388color26 42
size10389color4 44
disable size10389color4 44
size10389color26 44
size10390color4 46
disable size10390color4 46
size10390color26 46
disable size10390color26 46
size10391color4 48
disable size10391color4 48
size10391color26 48
size10392color4 50
disable size10392color4 50
size10392color26 50
disable size10392color26 50
['хаки,42', 'хаки,44', 'хаки,48']
Зимнее пальто-биопуховик QZ-16301
descrArr: ['\r\n\t\t\t\tАртикул: QZ-16301 ', '\t\t\t\tМатериал: 100% полиэстер ', '\t\t\t\tПодкладка: 100% полиэстер ', '\t\t\t\tУтеплитель: биопух ', '\t\t\t\t\t\t\t\tКапюшон: есть, не отстегивается ', '\t\t\t\t\t\t\t', 'Зимнее пальто с центральной застежкой на молнию + ветрозащитным клапаном на кнопках.\xa0Рукав с трикотажным манжетом. Прорезные карманы на кнопках. По бокам имеются молнию (при расстегивании к ОБИ +4см).', 'Размеры полные, посадка с небольшим объемом. Для посадки плотно по фигуре необходимо на размер меньше. Подходит на зимний сезон (до -15..-20).\xa0']
art: QZ-16301
sostav: Материал: 100% полиэстер Подкладка: 100% полиэстер 
descr: Утеплитель: биопух Капюшон: есть, не отстегивается  Зимнее пальто с центральной застежкой на молнию + ветрозащитным клапаном на кнопках. Рукав с трикотажным манжетом. Прорезные карманы на кнопках. По бокам имеются молнию (при расстегивании к ОБИ +4см). Размеры полные, посадка с небольшим объемом. Для посадки плотно по фигуре необходимо на размер меньше. Подходит на зимний сезон (до -15..-20). 
3800

url: http://www.kurtki54.ru/catalog/item/sportivnaja-zimnjaja-kurtka-amt20850-2.html
color: ['черный']
colorid: ['color1']
col: {'color1': 'черный'}
disabled: ['size10337color1']
['42', '44', '46', '48', '50']
['size10335color1', 'size10336color1', 'size10337color1', 'size10338color1', 'size10339color1']
[('size10335color1', '42'), ('size10336color1', '44'), ('size10337color1', '46'), ('size10338color1', '48'), ('size10339color1', '50')]
size10335color1 42
size10336color1 44
size10337color1 46
disable size10337color1 46
size10338color1 48
size10339color1 50
['черный,42', 'черный,44', 'черный,48', 'черный,50']
Спортивная зимняя куртка AMT-20850
descrArr: ['\r\n\t\t\t\tАртикул: AMT-20850 ', '\t\t\t\tМатериал: 100% полиэстер ', '\t\t\t\tПодкладка: 100% полиэстер ', '\t\t\t\tУтеплитель: PrimaLoft ', '\t\t\t\tКапюшон: есть, отстегивается ', '\t\t\t\t\t\t\t\tМех: енот ', '\t\t\t', 'Потрясающая парка от Azimuth Sport, выполненная из мембранного матерала, полностью из светоотражающих элементов - дизайн меняется в зависимости от освещения. Капюшон декорирован натуральным мехом енота (мех отстегивается).\xa0', 'Характеристики куртки: плотный водоотталкивающий материал, waterproof 15000, breathable 10000;\xa0застежка на центральную молнию +\xa0магниты + кнопки, отстегивающийся капюшон, регулируемые манжеты + лайкра-манжеты с прорезью для\xa0большого пальца, кулиска-фиксатор по талии, мягкий материал по воротнику;\xa0по внутренней стороне:\xa01 карман на молнии, 1 на липе, по спинке изделия - мягкий иск. мех под кролика.\xa0Подходит для занятий спортом, а также повседневной носки (до -30..-35).\xa0', 'Размер в размер.\xa0', 'Вес: 1,5-1,6кг.\xa0\r\n']
art: AMT-20850
sostav: Материал: 100% полиэстер Подкладка: 100% полиэстер 
descr: Утеплитель: PrimaLoft Капюшон: есть, отстегивается Мех: енот  Потрясающая парка от Azimuth Sport, выполненная из мембранного матерала, полностью из светоотражающих элементов - дизайн меняется в зависимости от освещения. Капюшон декорирован натуральным мехом енота (мех отстегивается). Характеристики куртки: плотный водоотталкивающий материал, waterproof 15000, breathable 10000; застежка на центральную молнию + магниты + кнопки, отстегивающийся капюшон, регулируемые манжеты + лайкра-манжеты с прорезью для большого пальца, кулиска-фиксатор по талии, мягкий материал по воротнику; по внутренней стороне: 1 карман на молнии, 1 на липе, по спинке изделия - мягкий иск. мех под кролика. Подходит для занятий спортом, а также повседневной носки (до -30..-35). Размер в размер. Вес: 1,5-1,6кг. 
12400

url: http://www.kurtki54.ru/catalog/item/zimnee-polupalto-kap025.html
color: ['темно-синий', 'черный']
colorid: ['color3', 'color1']
col: {'color3': 'темно-синий', 'color1': 'черный'}
disabled: ['size10407color3', 'size10409color3', 'size10409color1']
['46', '46', '48', '48', '50', '50', '52', '52', '54', '54', '56', '56']
['size10404color3', 'size10404color1', 'size10405color3', 'size10405color1', 'size10406color3', 'size10406color1', 'size10407color3', 'size10407color1', 'size10408color3', 'size10408color1', 'size10409color3', 'size10409color1']
[('size10404color3', '46'), ('size10404color1', '46'), ('size10405color3', '48'), ('size10405color1', '48'), ('size10406color3', '50'), ('size10406color1', '50'), ('size10407color3', '52'), ('size10407color1', '52'), ('size10408color3', '54'), ('size10408color1', '54'), ('size10409color3', '56'), ('size10409color1', '56')]
size10404color3 46
size10404color1 46
size10405color3 48
size10405color1 48
size10406color3 50
size10406color1 50
size10407color3 52
disable size10407color3 52
size10407color1 52
size10408color3 54
size10408color1 54
size10409color3 56
disable size10409color3 56
size10409color1 56
disable size10409color1 56
['темно-синий,46', 'черный,46', 'темно-синий,48', 'черный,48', 'темно-синий,50', 'черный,50', 'черный,52', 'темно-синий,54', 'черный,54']
Зимнее полупальто KAP-025
descrArr: ['\r\n\t\t\t\tАртикул: KAP-025 ', '\t\t\t\tМатериал: 100% полиэстер ', '\t\t\t\tПодкладка: 100% полиэстер ', '\t\t\t\tУтеплитель: холлофайбер ', '\t\t\t\t\t\t\t\tКапюшон: есть, не отстегивается ', '\t\t\t\t\t\t\t', 'Супер-скидка!\xa0', 'Зимнее\xa0полупальто с центральной застежкой на молнию (расстегивается с 2х сторон). Верх изделия + капюшон выполнены из материала под дубленку (можно стирать при низкой темп.)\xa0 Рукав с трикотажным манжетом. Внешние карманы на молнии, по внутренней стороне - 1 прорезной карман.\xa0', 'Посадка плотно по фигуре - размер в размер. Для запаса необходимо на размер больше - ', 'рекомендуется!', '. Подходит на зимний сезон (до -20). Фабричное качество, фирма KAPRE.\xa0']
art: KAP-025
sostav: Материал: 100% полиэстер Подкладка: 100% полиэстер 
descr: Утеплитель: холлофайбер Капюшон: есть, не отстегивается  Супер-скидка! Зимнее полупальто с центральной застежкой на молнию (расстегивается с 2х сторон). Верх изделия + капюшон выполнены из материала под дубленку (можно стирать при низкой темп.)  Рукав с трикотажным манжетом. Внешние карманы на молнии, по внутренней стороне - 1 прорезной карман. Посадка плотно по фигуре - размер в размер. Для запаса необходимо на размер больше - рекомендуется! . Подходит на зимний сезон (до -20). Фабричное качество, фирма KAPRE. 
4600

url: http://www.kurtki54.ru/catalog/item/muzhskaja-zimnjaja-kurtka-mn140.html
color: ['серый']
colorid: ['color10']
col: {'color10': 'серый'}
disabled: []
['48', '50', '52', '54', '56']
['size10520color10', 'size10521color10', 'size10522color10', 'size10523color10', 'size10524color10']
[('size10520color10', '48'), ('size10521color10', '50'), ('size10522color10', '52'), ('size10523color10', '54'), ('size10524color10', '56')]
size10520color10 48
size10521color10 50
size10522color10 52
size10523color10 54
size10524color10 56
['серый,48', 'серый,50', 'серый,52', 'серый,54', 'серый,56']
Мужская зимняя куртка MN-140
descrArr: ['\r\n\t\t\t\tАртикул: MN-140 ', '\t\t\t\tМатериал: 100% полиэстер ', '\t\t\t\tПодкладка: 100% полиэстер ', '\t\t\t\tУтеплитель: биопух ', '\t\t\t\t\t\t\t\tКапюшон: есть, не отстегивается ', '\t\t\t\t\t\t\t', 'Зимняя мужская куртка, выполненная из 2х материалов (серый основной материал более мягкий, черный более плотный: оба материала с пропиткой от воды и ветра). Застежка на асимметричную прямую молнию + кнопки сверху и снизу. Капюшон декорирован белым иск. мехом под овчину. Рукав на резинке. По бокам - прорезные карманы на молнии (внутри - мягкий материал). По внутренней стороне: стильный подклад, 2 кармана на молнии + 1 на липе, стоппер по низу.', 'Изделие очень легкое, уютное - вес 1.3кг. Наполнитель - биопух 220г - подходит до -20..-25. \xa0']
art: MN-140
sostav: Материал: 100% полиэстер Подкладка: 100% полиэстер 
descr: 